2025-01-03 13:04:57,397 = INFO = Starting API...
2025-01-03 13:04:58,446 = INFO = Starting API...
2025-01-03 13:12:52,784 = INFO = Starting API...
2025-01-03 13:12:58,190 = INFO = Starting API...
2025-01-03 13:14:49,131 = INFO = Starting API...
2025-01-03 13:14:51,104 = INFO = Starting API...
2025-01-03 13:15:41,409 = INFO = Starting API...
2025-01-03 13:15:42,715 = INFO = Starting API...
2025-01-03 13:15:46,176 = INFO = Starting API...
2025-01-03 13:15:48,095 = INFO = Starting API...
2025-01-03 13:15:49,194 = INFO = Starting API...
2025-01-03 13:16:27,030 = INFO = Starting API...
2025-01-03 13:16:28,284 = INFO = Starting API...
2025-01-03 13:16:30,090 = INFO = {'url': '/docs', 'method': 'GET'}
2025-01-03 13:16:30,223 = INFO = {'url': '/favicon.ico', 'method': 'GET'}
2025-01-03 13:17:33,683 = INFO = Starting API...
2025-01-03 13:18:08,897 = INFO = Starting API...
2025-01-03 13:18:13,821 = INFO = Starting API...
2025-01-03 13:18:32,265 = INFO = Starting API...
2025-01-03 13:18:33,743 = INFO = Starting API...
2025-01-03 13:18:40,048 = INFO = Starting API...
2025-01-03 13:19:06,004 = INFO = Starting API...
2025-01-03 13:19:09,728 = INFO = Starting API...
2025-01-03 13:19:12,615 = INFO = Starting API...
2025-01-03 13:19:20,344 = INFO = Starting API...
2025-01-03 13:19:21,910 = INFO = Starting API...
2025-01-03 13:19:28,147 = INFO = Starting API...
2025-01-03 13:19:31,499 = INFO = Starting API...
2025-01-03 13:19:38,371 = INFO = {'url': '/docs', 'method': 'GET'}
2025-01-03 13:19:38,496 = INFO = {'url': '/openapi.json', 'method': 'GET'}
2025-01-03 13:19:52,238 = INFO = {'url': '/users/index', 'method': 'GET'}
2025-01-03 13:20:05,372 = INFO = Starting API...
2025-01-03 13:20:32,217 = INFO = Starting API...
2025-01-03 13:21:33,933 = INFO = Starting API...
2025-01-03 13:21:52,233 = INFO = Starting API...
2025-01-03 13:21:53,729 = INFO = Starting API...
2025-01-03 13:21:58,067 = INFO = Starting API...
2025-01-03 13:22:09,506 = INFO = Starting API...
2025-01-03 13:22:56,595 = INFO = Starting API...
2025-01-03 13:23:06,748 = INFO = Starting API...
2025-01-03 13:23:11,408 = INFO = Starting API...
2025-01-03 13:23:27,920 = INFO = Starting API...
2025-01-03 13:23:34,927 = INFO = Starting API...
2025-01-03 13:23:36,048 = INFO = Starting API...
2025-01-03 13:24:10,695 = INFO = Starting API...
2025-01-03 13:24:13,379 = INFO = Starting API...
2025-01-03 13:24:14,934 = INFO = Starting API...
2025-01-03 13:24:34,063 = INFO = Starting API...
2025-01-03 13:24:35,135 = INFO = Starting API...
2025-01-03 13:24:37,571 = INFO = {'url': '/docs', 'method': 'GET'}
2025-01-03 13:24:37,694 = INFO = {'url': '/openapi.json', 'method': 'GET'}
2025-01-03 13:25:35,583 = INFO = Starting API...
2025-01-03 13:25:55,567 = INFO = Starting API...
2025-01-03 13:25:57,341 = INFO = Starting API...
2025-01-03 13:26:02,261 = INFO = {'url': '/users/index', 'method': 'GET'}
2025-01-03 13:27:39,057 = INFO = Starting API...
2025-01-03 13:27:46,847 = INFO = Starting API...
2025-01-03 13:28:16,473 = INFO = Starting API...
2025-01-03 13:28:48,984 = INFO = Starting API...
2025-01-03 13:28:56,817 = INFO = Starting API...
2025-01-03 13:29:00,302 = INFO = Starting API...
2025-01-03 13:29:15,553 = INFO = Starting API...
2025-01-03 13:29:21,078 = INFO = Starting API...
2025-01-03 13:29:30,541 = INFO = {'url': '/docs', 'method': 'GET', 'process_time': 0.0005903244018554688}
2025-01-03 13:29:30,666 = INFO = {'url': '/openapi.json', 'method': 'GET', 'process_time': 0.006992816925048828}
2025-01-03 13:29:35,860 = INFO = {'url': '/users/index', 'method': 'GET', 'process_time': 0.012681245803833008}
2025-01-03 13:30:21,197 = INFO = Starting API...
2025-01-03 13:30:22,998 = INFO = Starting API...
2025-01-03 13:30:37,019 = INFO = Starting API...
2025-01-03 13:30:38,283 = INFO = Starting API...
2025-01-03 13:30:43,318 = INFO = Starting API...
2025-01-03 13:30:49,176 = INFO = Starting API...
2025-01-03 13:30:58,819 = INFO = Starting API...
2025-01-03 13:30:59,963 = INFO = Starting API...
2025-01-03 13:31:09,464 = INFO = {'url': '/upload/videos', 'method': 'POST', 'process_time': 1.5091567039489746}
2025-01-03 13:36:41,139 = INFO = Starting API...
2025-01-03 13:36:43,953 = INFO = Starting API...
2025-01-03 13:36:45,784 = INFO = Starting API...
2025-01-03 13:36:46,850 = INFO = Starting API...
2025-01-03 13:37:37,449 = INFO = Starting API...
2025-01-03 13:37:40,184 = INFO = Starting API...
2025-01-03 13:37:50,575 = INFO = Starting API...
2025-01-03 13:39:08,655 = INFO = {'url': '/upload/videos', 'method': 'POST', 'process_time': 1.5214719772338867}
2025-01-03 13:39:16,470 = INFO = {'url': '/upload/videos', 'method': 'POST', 'process_time': 1.5100650787353516}
2025-01-03 13:44:56,799 = INFO = Starting API...
2025-01-03 13:45:17,123 = INFO = Starting API...
2025-01-03 13:45:28,488 = INFO = Starting API...
2025-01-03 13:45:57,447 = INFO = Starting API...
2025-01-03 13:45:58,589 = INFO = Starting API...
2025-01-03 13:46:05,123 = INFO = Starting API...
2025-01-03 13:46:16,437 = INFO = Starting API...
2025-01-03 13:46:17,509 = INFO = Starting API...
2025-01-03 13:46:52,353 = INFO = Starting API...
2025-01-03 13:46:53,425 = INFO = Starting API...
2025-01-03 13:47:01,196 = INFO = Starting API...
2025-01-03 13:47:10,076 = INFO = Starting API...
2025-01-03 13:48:35,136 = INFO = Starting API...
2025-01-03 13:48:36,311 = INFO = Starting API...
2025-01-03 13:49:30,573 = INFO = Starting API...
2025-01-03 13:49:33,947 = INFO = Starting API...
2025-01-03 13:49:36,377 = INFO = Starting API...
2025-01-03 13:51:52,859 = INFO = Starting API...
2025-01-03 13:52:19,817 = INFO = Starting API...
2025-01-03 13:52:22,547 = INFO = Starting API...
2025-01-03 13:52:24,379 = INFO = Starting API...
2025-01-03 13:58:10,680 = INFO = Starting API...
2025-01-03 14:00:31,223 = INFO = Starting API...
2025-01-03 14:00:40,712 = INFO = Starting API...
2025-01-03 14:00:47,339 = INFO = Starting API...
2025-01-03 14:00:49,173 = INFO = Starting API...
2025-01-03 14:00:57,285 = INFO = Starting API...
2025-01-03 14:00:59,218 = INFO = Starting API...
2025-01-03 14:01:26,863 = INFO = Starting API...
2025-01-03 14:01:30,552 = INFO = {'url': '/docs', 'method': 'GET', 'process_time': 0.0009853839874267578}
2025-01-03 14:01:30,802 = INFO = {'url': '/openapi.json', 'method': 'GET', 'process_time': 0.020999908447265625}
2025-01-03 14:02:17,985 = INFO = {'url': '/docs', 'method': 'GET', 'process_time': 0.0}
2025-01-03 14:02:18,095 = INFO = {'url': '/openapi.json', 'method': 'GET', 'process_time': 0.0}
2025-01-03 14:13:05,618 = INFO = Starting API...
2025-01-03 14:13:06,715 = INFO = Starting API...
2025-01-03 14:13:12,196 = INFO = {'url': '/docs', 'method': 'GET', 'process_time': 0.0010254383087158203}
2025-01-03 14:13:12,470 = INFO = {'url': '/openapi.json', 'method': 'GET', 'process_time': 0.006990194320678711}
2025-01-03 14:15:27,044 = INFO = Starting API...
2025-01-03 14:15:34,775 = INFO = {'url': '/docs', 'method': 'GET', 'process_time': 0.0}
2025-01-03 14:15:35,068 = INFO = {'url': '/openapi.json', 'method': 'GET', 'process_time': 0.009967803955078125}
2025-01-03 14:16:09,473 = INFO = Starting API...
2025-01-03 14:16:10,913 = INFO = Starting API...
2025-01-03 14:17:25,492 = INFO = Starting API...
2025-01-03 14:17:36,562 = INFO = Starting API...
2025-01-03 14:17:38,476 = INFO = Starting API...
2025-01-03 14:17:56,723 = INFO = Starting API...
2025-01-03 14:18:01,589 = INFO = Starting API...
2025-01-03 14:18:05,331 = WARNING = Invalid token
2025-01-03 14:18:05,331 = WARNING = Unauthorized access attempt on /token
2025-01-03 14:18:08,356 = WARNING = Invalid token
2025-01-03 14:18:08,357 = WARNING = Unauthorized access attempt on /token
2025-01-03 14:18:12,669 = INFO = {'url': '/docs', 'method': 'GET', 'process_time': 0.0}
2025-01-03 14:18:12,881 = INFO = {'url': '/openapi.json', 'method': 'GET', 'process_time': 0.011017799377441406}
2025-01-03 14:18:24,131 = WARNING = Invalid token
2025-01-03 14:18:24,132 = WARNING = Unauthorized access attempt on /token
2025-01-03 14:49:18,706 = INFO = {'url': '/docs', 'method': 'GET', 'process_time': 0.000978231430053711}
2025-01-03 14:49:18,989 = INFO = {'url': '/openapi.json', 'method': 'GET', 'process_time': 0.0}
2025-01-03 16:16:06,190 = INFO = Starting API...
2025-01-03 16:16:21,764 = INFO = Starting API...
2025-01-03 16:16:53,619 = INFO = Starting API...
2025-01-03 16:17:20,372 = INFO = Starting API...
2025-01-03 16:17:31,207 = INFO = {'url': '/users/index', 'method': 'GET', 'process_time': 1.249875783920288}
2025-01-03 16:17:31,264 = INFO = {'url': '/users/index', 'method': 'GET', 'process_time': 0.008007049560546875}
2025-01-03 16:17:31,279 = INFO = {'url': '/users/index', 'method': 'GET', 'process_time': 0.010012626647949219}
2025-01-03 16:17:31,290 = INFO = {'url': '/users/index', 'method': 'GET', 'process_time': 0.003002166748046875}
2025-01-03 16:17:39,935 = INFO = {'url': '/users/index', 'method': 'GET', 'process_time': 0.002996206283569336}
2025-01-03 16:17:39,941 = INFO = {'url': '/users/index', 'method': 'GET', 'process_time': 0.0015392303466796875}
2025-01-03 16:17:48,846 = INFO = {'url': '/users/index', 'method': 'GET', 'process_time': 0.002997875213623047}
2025-01-03 16:17:48,947 = INFO = {'url': '/users/index', 'method': 'GET', 'process_time': 0.09891128540039062}
2025-01-03 16:18:10,046 = INFO = {'url': '/users/create', 'method': 'POST', 'process_time': 3.132176160812378}
2025-01-03 16:18:10,127 = INFO = {'url': '/users/index', 'method': 'GET', 'process_time': 0.004025459289550781}
2025-01-03 16:18:10,133 = INFO = {'url': '/users/index', 'method': 'GET', 'process_time': 0.0019996166229248047}
2025-01-03 16:18:21,044 = INFO = {'url': '/users/index', 'method': 'GET', 'process_time': 0.005000114440917969}
2025-01-03 16:18:21,048 = INFO = {'url': '/users/index', 'method': 'GET', 'process_time': 0.0009722709655761719}
2025-01-03 16:19:17,955 = INFO = Starting API...
2025-01-03 16:19:20,892 = INFO = Starting API...
2025-01-03 16:19:24,102 = INFO = Starting API...
2025-01-03 16:19:27,394 = INFO = Starting API...
2025-01-03 16:19:28,780 = INFO = Starting API...
2025-01-03 16:19:32,081 = INFO = Starting API...
2025-01-03 16:19:34,999 = INFO = Starting API...
2025-01-03 16:19:36,464 = INFO = Starting API...
2025-01-03 16:19:38,250 = INFO = Starting API...
2025-01-03 16:19:39,888 = INFO = Starting API...
2025-01-03 16:19:42,861 = INFO = Starting API...
2025-01-03 16:19:44,600 = INFO = Starting API...
2025-01-03 16:19:46,211 = INFO = Starting API...
2025-01-03 16:19:47,676 = INFO = Starting API...
2025-01-03 16:19:48,852 = INFO = Starting API...
2025-01-03 16:20:04,146 = INFO = Starting API...
2025-01-03 16:20:07,933 = INFO = Starting API...
2025-01-03 16:20:09,194 = INFO = Starting API...
2025-01-03 16:20:10,639 = INFO = Starting API...
2025-01-03 16:20:13,430 = INFO = Starting API...
2025-01-03 16:20:15,243 = INFO = Starting API...
2025-01-03 16:20:17,104 = INFO = Starting API...
2025-01-03 16:20:18,817 = INFO = Starting API...
2025-01-03 16:20:21,136 = INFO = Starting API...
